Microsoft (R) Help Compiler
HCRTF 4.03.0002
Copyright (c) Microsoft Corp 1990 - 1995. All rights reserved.
varroapop.hpj
    HC3110: Warning: topic #6 of c:\My .NET Projects\VarroaPop2.2.1\hlp\.\afxcore.rtf : 
	A title has already been defined for this topic.
    HC1012: Note: topic #8 of c:\My .NET Projects\VarroaPop2.2.1\hlp\.\afxcore.rtf : 
	Table cell borders are not supported.
    HC1012: Note: topic #9 of c:\My .NET Projects\VarroaPop2.2.1\hlp\.\afxcore.rtf : 
	Table cell borders are not supported.
    HC1012: Note: topic #11 of c:\My .NET Projects\VarroaPop2.2.1\hlp\.\afxcore.rtf : 
	Table cell borders are not supported.
    HC3110: Warning: topic #12 of c:\My .NET Projects\VarroaPop2.2.1\hlp\.\afxcore.rtf : 
	A title has already been defined for this topic.
    HC3110: Warning: topic #16 of c:\My .NET Projects\VarroaPop2.2.1\hlp\.\afxcore.rtf : 
	A title has already been defined for this topic.
    HC1003: Note: topic #17 of c:\My .NET Projects\VarroaPop2.2.1\hlp\.\afxcore.rtf : 
	A paragraph marker is formatted as a hidden character.
    HC1003: Note: topic #17 of c:\My .NET Projects\VarroaPop2.2.1\hlp\.\afxcore.rtf : 
	A paragraph marker is formatted as a hidden character.
    HC3110: Warning: topic #19 of c:\My .NET Projects\VarroaPop2.2.1\hlp\.\afxcore.rtf : 
	A title has already been defined for this topic.
    HC3025: Warning: topic #1 of c:\My .NET Projects\VarroaPop2.2.1\hlp\.\afxcore.rtf : 
	Jump to undefined Topic ID: "howto_session".
    HC3025: Warning: topic #17 of c:\My .NET Projects\VarroaPop2.2.1\hlp\.\afxcore.rtf : 
	Jump to undefined Topic ID: "HID_FILE_SAVE_AS.".
    HC1010: Note: 
	The following mapped Topic IDs were not used in any topic:
	AFX_HIDP_UNREG_DONE
	HID_WINDOW_CASCADE
	AFX_HIDD_NEWTYPEDLG
	HID_SC_NEXTWINDOW
	HID_WINDOW_TILE_HORZ
	HID_WINDOW_TILE_VERT
	AFX_HIDP_GET_NOT_SUPPORTED
	HID_HT_OBJECT
	AFX_HIDP_SQL_BOOKMARKS_NOT_ENABLED
	HID_EDIT_REPEAT
	HID_SC_CLOSE
	HID_SC_RESTORE
	HID_RECORD_FIRST
	HID_EDIT_SELECT_ALL
	HID_EDIT_CLEAR
	HID_WEATHER_FILE_SAVEAS
	HID_FILE_UPDATE
	HID_EDIT_PASTE
	AFX_HIDW_RESIZE_BAR
	AFX_HIDP_SQL_NO_DATA_FOUND
	AFX_HIDP_SQL_EMPTY_COLUMN_LIST
	HID_FILE_SEND_MAIL
	AFX_HIDP_SQL_ODBC_LOAD_FAILED
	AFX_HIDP_FAILED_TO_CREATE
	HID_WEATHER_EDITCURRENTWEATHERFILE
	HID_MOUSELABEL
	HID_VIEW_COMBREMOVALDATE
	AFX_HIDD_BUSY
	AFX_HIDD_FIND
	AFX_HIDD_FONT
	HID_VIEW_OPTIONS
	AFX_HIDP_ARCH_NONE
	HID_RECORD_LAST
	HID_RECORD_NEXT
	HID_RECORD_PREV
	HID_EDIT_COPY
	HID_EDIT_FIND
	HID_EDIT_REDO
	HID_EDIT_UNDO
	AFX_HIDD_OBJECTPROPERTIES
	HIDD_SIMULATION_FORM
	HIDD_OLECTRAGRAPHDLG
	HID_VIEW_PLOTDATA
	AFX_HIDP_UNREG_FAILURE
	AFX_HIDP_SQL_BOOKMARKS_NOT_SUPPORTED
	AFX_HIDP_FILE_TOO_MANY_OPEN
	AFX_HIDP_SQL_FIELD_NOT_FOUND
	AFX_HIDP_FILE_ACCESS_DENIED
	HID_FILE_SAVE_COPY_AS
	AFX_HIDD_CONVERT
	HID_SC_PREVWINDOW
	AFX_HIDP_ASK_TO_DISCARD
	AFX_HIDP_SQL_FIELD_SCHEMA_MISMATCH
	AFX_HIDP_SQL_LOCK_MODE_NOT_SUPPORTED
	HID_FORMAT_FONT
	AFX_HIDP_FILE_HARD_IO
	AFX_HIDD_CHANGESOURCE
	HID_VIEW_ZOOMIN
	HID_HT_NOWHERE
	AFX_HIDP_FILE_NOT_FOUND
	AFX_HIDW_DOCKBAR_TOP
	HID_SC_TASKLIST
	AFX_HIDP_DAO_DFX_BIND
	HID_VIEW_ZOOMOUT
	AFX_HIDP_SQL_ODBC_V2_REQUIRED
	AFX_HIDP_SQL_NO_ROWS_AFFECTED
	HID_OLE_EDIT_CONVERT
	AFX_HIDP_SQL_SQL_CONFORMANCE
	AFX_HIDD_INSERTOBJECT
	HID_FILE_NEW_NEWCOLONY
	AFX_HIDP_SQL_RECORDSET_READONLY
	HID_WEATHER_FILE_EXIT
	HID_WEATHER_FILE_OPEN
	HID_WEATHER_FILE_SAVE
	HIDR_PRINTER
	HIDD_VARROAPOP_FORM
	AFX_HIDP_PARSE_RADIO_BUTTON
	HID_EDIT_PASTE_SPECIAL
	AFX_HIDP_DAO_ROWTOOSHORT
	HID_FILE_NEW_NEWSESSION
	HID_FILE_SAVE_SESSION
	HID_SC_MOVE
	HID_SC_SIZE
	HID_VIEW_PARAMETERS
	AFX_HIDP_SQL_INCORRECT_ODBC
	AFX_HIDP_NO_ERROR_AVAILABLE
	AFX_HIDW_DOCKBAR_BOTTOM
	HID_PREV_PANE
	HIDD_PROGRESS
	AFX_HIDP_FILE_DIR_FULL
	AFX_HIDP_DAO_BADBINDINFO
	AFX_HIDP_SQL_UPDATE_DELETE_FAILED
	AFX_HIDP_PARSE_DATETIME
	HID_OLE_EDIT_CHANGE_ICON
	AFX_HIDP_ARCH_ENDOFFILE
	HIDD_REMOVECOMB
	HIDR_MENUWEATHER
	AFX_HIDP_SQL_SQL_NO_TOTAL
	AFX_HIDP_SQL_CONNECT_FAIL
	AFX_HIDP_SQL_API_CONFORMANCE
	HID_OLE_EDIT_PROPERTIES
	AFX_HIDP_FILE_DISKFULL
	HID_SHOW_PROPSHEET
	HIDR_VARROATYPE
	AFX_HIDW_DOCKBAR_LEFT
	AFX_HIDP_FILE_REMOVE_CURRENT
	AFX_HIDP_ARCH_BADCLASS
	AFX_HIDP_SQL_NO_POSITIONED_UPDATES
	HID_OLE_VERB_1
	HID_OLE_VERB_1
	HID_OLE_VERB_1
	HID_OLE_VERB_1
	HID_OLE_VERB_1
	HID_OLE_VERB_1
	HID_OLE_VERB_1
	HID_OLE_VERB_1
	HID_OLE_VERB_1
	HID_OLE_VERB_1
	HID_OLE_VERB_1
	HID_OLE_VERB_1
	HID_OLE_VERB_1
	HID_OLE_VERB_1
	HID_OLE_VERB_1
	HID_OLE_VERB_1
	AFX_HIDP_ARCH_BADINDEX
	HID_WIZBACK
	HID_WIZNEXT
	HID_WINDOW_SPLIT
	AFX_HIDP_PARSE_CURRENCY
	AFX_HIDP_FILE_NONE
	AFX_HIDP_FAILED_TO_CONVERT
	HID_HELP_FINDER
	HID_WEATHER_EDITWEATHERFILEFROMDISK
	AFX_HIDP_FILE_EOF
	AFX_HIDP_FILE_LOCKING
	AFX_HIDP_SQL_ILLEGAL_MODE
	HIDR_CHARTMENU
	AFX_HIDD_PREVIEW_TOOLBAR
	HID_WINDOW_ARRANGE
	HID_INDICATOR_WEATHER
	HIDD_SELECT_GRAPHS
	AFX_HIDP_SQL_NO_CURRENT_RECORD
	AFX_HIDP_FILE_BAD_PATH
	AFX_HIDP_FILE_BAD_SEEK
	HIDD_SPLASH
	AFX_HIDP_SQL_ROW_UPDATE_NOT_SUPPORTED
	HID_VIEW_DATA_FREQ
	AFX_HIDP_FAILED_MAPI_LOAD
	AFX_HIDP_FAILED_MAPI_SEND
	HIDD_OPTIONS
	HID_EDIT_REPLACE
	AFX_HIDP_FILE_SHARING
	HIDR_FILE
	HID_FILE_PRINT_DIRECT
	HID_FILE_CLOSE
	HID_FILE_MRU_FILE1
	HID_FILE_MRU_FILE1
	HID_FILE_MRU_FILE1
	HID_FILE_MRU_FILE1
	HID_FILE_MRU_FILE1
	HID_FILE_MRU_FILE1
	HID_FILE_MRU_FILE1
	HID_FILE_MRU_FILE1
	HID_FILE_MRU_FILE1
	HID_FILE_MRU_FILE1
	HID_FILE_MRU_FILE1
	HID_FILE_MRU_FILE1
	HID_FILE_MRU_FILE1
	HID_FILE_MRU_FILE1
	HID_FILE_MRU_FILE1
	HID_FILE_MRU_FILE1
	AFX_HIDP_DLL_LOAD_FAILED
	AFX_HIDP_SQL_DYNASET_NOT_SUPPORTED
	AFX_HIDP_SQL_ROW_FETCH
	AFX_HIDP_SET_NOT_SUPPORTED
	AFX_HIDD_CHANGEICON
	HID_WEATHER_CREATENEWWEATHERFILE
	AFX_HIDP_DLL_BAD_VERSION
	AFX_HIDP_ARCH_BADSCHEMA
	AFX_HIDD_FILEBROWSE
	HID_SELECT_GRAPH
	HID_WINDOW_ALL
	HID_WINDOW_NEW
	HID_CREATE_PROPSHEET
	HID_INDICATOR_COLONY
	HID_BUTTON32801
	HID_BUTTON32802
	HID_BUTTON32806
	HID_BUTTON32800
	AFX_HIDD_EDITLINKS
	AFX_HIDP_SQL_DATA_TRUNCATED
	HIDD_GRAPHDIALOG
	HID_HT_HELP
	HID_WIZFINISH
	HIDD_CREATE_HEADER
	AFX_HIDP_INVALID_MAPI_DLL
	AFX_HIDD_PREVIEW_SHORTTOOLBAR
	AFX_HIDP_DAO_OBJECT_NOT_OPEN
	AFX_HIDP_ARCH_WRITEONLY
	HID_OLE_EDIT_LINKS
	AFX_HIDP_SQL_MULTIPLE_ROWS_AFFECTED
	AFX_HIDD_COLOR
	HID_EDIT_PASTE_LINK
	HID_NEXT_PANE
	AFX_HIDP_DAO_ENGINE_INITIALIZATION
	AFX_HIDW_DOCKBAR_FLOAT
	AFX_HIDW_DOCKBAR_RIGHT
	AFX_HIDP_PARSE_BYTE
	AFX_HIDP_PARSE_UINT
	HIDD_SIMULATION_BAR
	AFX_HIDP_ARCH_GENERIC
	AFX_HIDP_SQL_SNAPSHOT_NOT_SUPPORTED
	HID_INDICATOR_RES_FREQ
	AFX_HIDD_PASTESPECIAL
	AFX_HIDP_FILE_GENERIC
	AFX_HIDP_FILE_INVALID_FILE
	HID_HT_CLOSE
	HIDD_WEATHEREDIT
	HID_EDIT_CLEAR_ALL
	AFX_HIDP_ARCH_READONLY
	AFX_HIDP_SQL_RECORDSET_FORWARD_ONLY
	HID_OLE_INSERT_NEW
	HID_EDIT_CUT
	AFX_HIDP_SQL_DYNAMIC_CURSOR_NOT_SUPPORTED
	AFX_HIDP_DAO_COLUMNUNAVAILABLE
	HID_FILE_SAVE_RESULTS
	AFX_HIDD_REPLACE
45	Topics
51	Jumps
34	Keywords
13	Bitmaps


Created c:\My .NET Projects\VarroaPop2.2.1\hlp\VarroaPop.HLP, 29,672 bytes
Bitmaps: 3,350 bytes
Hall+Zeck compression decreased help file by 12,572 bytes.
Compile time: 0 minutes, 0 seconds
6 notes, 6 warnings
